2025-12-13 15:40:58,585 INFO: InventoryApp starting in development mode [in C:\Users\hamil\InventoryApp\backend\config.py:113]
2025-12-13 15:42:37,087 INFO: InventoryApp starting in development mode [in C:\Users\hamil\InventoryApp\backend\config.py:113]
2025-12-13 15:43:38,662 INFO: InventoryApp starting in development mode [in C:\Users\hamil\InventoryApp\backend\config.py:113]
2025-12-13 15:44:49,562 INFO: InventoryApp starting in development mode [in C:\Users\hamil\InventoryApp\backend\config.py:122]
2025-12-13 15:44:54,955 INFO: InventoryApp starting in development mode [in C:\Users\hamil\InventoryApp\backend\config.py:122]
2025-12-13 15:45:37,900 INFO: InventoryApp starting in development mode [in C:\Users\hamil\InventoryApp\backend\config.py:124]
2025-12-13 15:45:49,521 INFO: InventoryApp starting in development mode [in C:\Users\hamil\InventoryApp\backend\config.py:124]
2025-12-13 15:45:58,213 INFO: InventoryApp starting in development mode [in C:\Users\hamil\InventoryApp\backend\config.py:124]
2025-12-13 15:52:44,856 INFO: InventoryApp starting in development mode [in C:\Users\hamil\InventoryApp\backend\config.py:115]
2025-12-13 15:53:07,076 INFO: InventoryApp starting in development mode [in C:\Users\hamil\InventoryApp\backend\config.py:115]
2025-12-13 15:53:07,296 INFO: Database tables created successfully [in C:\Users\hamil\InventoryApp\backend\main.py:512]
2025-12-13 15:53:07,297 WARNING: Running in DEBUG mode - DO NOT use in production! [in C:\Users\hamil\InventoryApp\backend\main.py:520]
2025-12-13 15:53:08,233 INFO: InventoryApp starting in development mode [in C:\Users\hamil\InventoryApp\backend\config.py:115]
2025-12-13 15:53:08,399 INFO: Database tables created successfully [in C:\Users\hamil\InventoryApp\backend\main.py:512]
2025-12-13 15:53:08,400 WARNING: Running in DEBUG mode - DO NOT use in production! [in C:\Users\hamil\InventoryApp\backend\main.py:520]
2025-12-13 15:56:51,432 INFO: InventoryApp starting in development mode [in C:\Users\hamil\InventoryApp\backend\config.py:115]
2025-12-13 15:56:51,592 INFO: Database tables created successfully [in C:\Users\hamil\InventoryApp\backend\main.py:512]
2025-12-13 15:56:51,592 WARNING: Running in DEBUG mode - DO NOT use in production! [in C:\Users\hamil\InventoryApp\backend\main.py:520]
2025-12-13 15:57:42,522 INFO: InventoryApp starting in development mode [in C:\Users\hamil\InventoryApp\backend\config.py:115]
2025-12-13 15:57:42,692 INFO: Database tables created successfully [in C:\Users\hamil\InventoryApp\backend\main.py:513]
2025-12-13 15:57:42,693 WARNING: Running in DEBUG mode - DO NOT use in production! [in C:\Users\hamil\InventoryApp\backend\main.py:521]
2025-12-13 15:57:59,492 INFO: InventoryApp starting in development mode [in C:\Users\hamil\InventoryApp\backend\config.py:115]
2025-12-13 15:57:59,780 INFO: Database tables created successfully [in C:\Users\hamil\InventoryApp\backend\main.py:513]
2025-12-13 15:57:59,780 WARNING: Running in DEBUG mode - DO NOT use in production! [in C:\Users\hamil\InventoryApp\backend\main.py:521]
2025-12-13 15:58:55,869 INFO: InventoryApp starting in development mode [in C:\Users\hamil\InventoryApp\backend\config.py:115]
2025-12-13 15:58:56,049 INFO: Database tables created successfully [in C:\Users\hamil\InventoryApp\backend\main.py:513]
2025-12-13 15:58:56,050 WARNING: Running in DEBUG mode - DO NOT use in production! [in C:\Users\hamil\InventoryApp\backend\main.py:521]
2025-12-13 15:59:03,580 INFO: InventoryApp starting in development mode [in C:\Users\hamil\InventoryApp\backend\config.py:115]
2025-12-13 15:59:03,885 INFO: Database tables created successfully [in C:\Users\hamil\InventoryApp\backend\main.py:513]
2025-12-13 15:59:03,886 WARNING: Running in DEBUG mode - DO NOT use in production! [in C:\Users\hamil\InventoryApp\backend\main.py:521]
2025-12-13 15:59:25,266 DEBUG: Validating request data: {'username': 'hammy', 'email': 'hamiltontyler3900@icloud.com', 'password': 'Dg1w5#z8jGuF', 'phone': ''} [in C:\Users\hamil\InventoryApp\backend\schemas.py:155]
2025-12-13 15:59:25,266 WARNING: Validation error: {'phone': ['String does not match expected pattern.']} [in C:\Users\hamil\InventoryApp\backend\schemas.py:162]
2025-12-13 16:00:13,350 INFO: InventoryApp starting in development mode [in C:\Users\hamil\InventoryApp\backend\config.py:115]
2025-12-13 16:00:13,528 INFO: Database tables created successfully [in C:\Users\hamil\InventoryApp\backend\main.py:513]
2025-12-13 16:00:13,528 WARNING: Running in DEBUG mode - DO NOT use in production! [in C:\Users\hamil\InventoryApp\backend\main.py:521]
2025-12-13 16:00:27,210 INFO: InventoryApp starting in development mode [in C:\Users\hamil\InventoryApp\backend\config.py:115]
2025-12-13 16:00:27,401 INFO: Database tables created successfully [in C:\Users\hamil\InventoryApp\backend\main.py:513]
2025-12-13 16:00:27,401 WARNING: Running in DEBUG mode - DO NOT use in production! [in C:\Users\hamil\InventoryApp\backend\main.py:521]
2025-12-13 16:00:28,359 DEBUG: Validating request data: {'username': 'hammy', 'email': 'hamiltontyler3900@icloud.com', 'password': 'Dg1w5#z8jGuF', 'phone': ''} [in C:\Users\hamil\InventoryApp\backend\schemas.py:159]
2025-12-13 16:00:28,360 DEBUG: Registration data validated: {'username': 'hammy', 'password': 'Dg1w5#z8jGuF', 'email': 'hamiltontyler3900@icloud.com', 'phone': ''} [in C:\Users\hamil\InventoryApp\backend\main.py:38]
2025-12-13 16:00:36,320 DEBUG: Get inventory - User ID from JWT: 1 [in C:\Users\hamil\InventoryApp\backend\main.py:146]
2025-12-13 16:00:36,324 DEBUG: Found 0 items for user 1 [in C:\Users\hamil\InventoryApp\backend\main.py:148]
2025-12-13 16:00:36,387 DEBUG: Get inventory - User ID from JWT: 1 [in C:\Users\hamil\InventoryApp\backend\main.py:146]
2025-12-13 16:00:36,389 DEBUG: Found 0 items for user 1 [in C:\Users\hamil\InventoryApp\backend\main.py:148]
2025-12-13 16:00:52,555 DEBUG: Validating request data: {'name': 'Rug', 'quantity': 1, 'price': 122, 'description': 'Testing', 'category': 'Test'} [in C:\Users\hamil\InventoryApp\backend\schemas.py:159]
2025-12-13 16:00:52,556 DEBUG: User ID from JWT: 1 [in C:\Users\hamil\InventoryApp\backend\main.py:178]
2025-12-13 16:00:52,557 DEBUG: Request data: {'name': 'Rug', 'quantity': 1, 'price': 122.0, 'description': 'Testing', 'category': 'Test'} [in C:\Users\hamil\InventoryApp\backend\main.py:179]
2025-12-13 16:00:56,371 DEBUG: Get inventory - User ID from JWT: 1 [in C:\Users\hamil\InventoryApp\backend\main.py:146]
2025-12-13 16:00:56,373 DEBUG: Found 1 items for user 1 [in C:\Users\hamil\InventoryApp\backend\main.py:148]
2025-12-13 16:00:56,681 DEBUG: Get inventory - User ID from JWT: 1 [in C:\Users\hamil\InventoryApp\backend\main.py:146]
2025-12-13 16:00:56,684 DEBUG: Found 1 items for user 1 [in C:\Users\hamil\InventoryApp\backend\main.py:148]
2025-12-13 16:11:46,785 DEBUG: Get inventory - User ID from JWT: 1 [in C:\Users\hamil\InventoryApp\backend\main.py:146]
2025-12-13 16:11:46,883 DEBUG: Found 1 items for user 1 [in C:\Users\hamil\InventoryApp\backend\main.py:148]
2025-12-13 16:11:46,886 DEBUG: Get inventory - User ID from JWT: 1 [in C:\Users\hamil\InventoryApp\backend\main.py:146]
2025-12-13 16:11:46,888 DEBUG: Found 1 items for user 1 [in C:\Users\hamil\InventoryApp\backend\main.py:148]
2025-12-13 16:13:37,881 INFO: InventoryApp starting in development mode [in C:\Users\hamil\InventoryApp\backend\config.py:115]
2025-12-13 16:13:38,019 INFO: Database tables created successfully [in C:\Users\hamil\InventoryApp\backend\main.py:513]
2025-12-13 16:13:38,020 WARNING: Running in DEBUG mode - DO NOT use in production! [in C:\Users\hamil\InventoryApp\backend\main.py:521]
2025-12-13 16:14:11,778 INFO: InventoryApp starting in development mode [in C:\Users\hamil\InventoryApp\backend\config.py:115]
2025-12-13 16:14:11,928 INFO: Database tables created successfully [in C:\Users\hamil\InventoryApp\backend\main.py:551]
2025-12-13 16:14:11,928 WARNING: Running in DEBUG mode - DO NOT use in production! [in C:\Users\hamil\InventoryApp\backend\main.py:559]
